<?xml version="1.0" encoding="UTF-8"?>
<!-- Generated by org.testng.reporters.JUnitXMLReporter -->
<testsuite hostname="AMILTPBLR364" ignored="2" name="Car Loan" tests="1" failures="0" timestamp="27 Apr 2018 09:40:44 GMT" time="0.004" errors="0">
  <testcase name="WebloginCarloan" time="0.001" classname="testpackage.Day3"/>
  <testcase name="MobileloginCarloan" time="0.0" classname="testpackage.Day3">
    <ignored/>
  </testcase> <!-- MobileloginCarloan -->
  <testcase name="MobilelogoutCarloan" time="0.0" classname="testpackage.Day3">
    <ignored/>
  </testcase> <!-- MobilelogoutCarloan -->
</testsuite> <!-- Car Loan -->
