<?xml version="1.0" encoding="UTF-8"?>
<!-- Generated by org.testng.reporters.JUnitXMLReporter -->
<testsuite hostname="AMILTPBLR364" ignored="2" name="Home Loan" tests="1" failures="0" timestamp="27 Apr 2018 09:40:44 GMT" time="0.006" errors="0">
  <testcase name="ApiloginHomeloan" time="0.002" classname="testpackage.Day4"/>
  <testcase name="WebloginHomeloan" time="0.0" classname="testpackage.Day4">
    <ignored/>
  </testcase> <!-- WebloginHomeloan -->
  <testcase name="MobileloginHomeloan" time="0.0" classname="testpackage.Day4">
    <ignored/>
  </testcase> <!-- MobileloginHomeloan -->
</testsuite> <!-- Home Loan -->
