<?xml version="1.0" encoding="UTF-8"?>
<!-- Generated by org.testng.reporters.JUnitXMLReporter -->
<testsuite hostname="AMILTPBLR364" ignored="0" name="Regression two " tests="5" failures="0" timestamp="14 May 2018 09:47:33 GMT" time="0.053" errors="0">
  <testcase name="ApiloginHomeloan" time="0.012" classname="testpackage.Day4"/>
  <testcase name="ApiloginHomeloan" time="0.002" classname="testpackage.Day4"/>
  <testcase name="ApiloginHomeloan" time="0.001" classname="testpackage.Day4"/>
  <testcase name="MobileloginHomeloan" time="0.001" classname="testpackage.Day4"/>
  <testcase name="WebloginHomeloan" time="0.001" classname="testpackage.Day4"/>
</testsuite> <!-- Regression two  -->
